-----------------------------|---------|----------|---------|---------|-------------------------------------------------------------------------------------------------------------------------------------------------------
File                         | % Stmts | % Branch | % Funcs | % Lines | Uncovered Line #s                                                                                                                                     
-----------------------------|---------|----------|---------|---------|-------------------------------------------------------------------------------------------------------------------------------------------------------
All files                    |   31.11 |    11.56 |   19.41 |   31.98 |                                                                                                                                                       
 src                         |   77.77 |       50 |      40 |   77.77 |                                                                                                                                                       
  app.js                     |   77.77 |       50 |      40 |   77.77 | 26,37,45,57-59                                                                                                                                        
 src/config                  |     100 |       80 |     100 |     100 |                                                                                                                                                       
  cloudinary.js              |     100 |       80 |     100 |     100 | 5                                                                                                                                                     
  db.js                      |     100 |      100 |     100 |     100 |                                                                                                                                                       
 src/controllers             |   23.46 |    11.59 |   15.38 |   24.56 |                                                                                                                                                       
  admin.controller.js        |   31.25 |    11.11 |      40 |   33.33 | 13,18-44,49-82,96-109                                                                                                                                 
  auth.controller.js         |   37.25 |    27.77 |   33.33 |   38.38 | 31-60,104-111,120-132,137-166,171-196,201-223                                                                                                         
  citizen.controller.js      |      25 |        0 |       0 |   26.66 | 51-89                                                                                                                                                 
  complain.controller.js     |    20.6 |    12.08 |   13.79 |   21.82 | 9-142,151,158-260,277,279,294,299-318,327,331,335,341-348,355,361,364,383,389-392,406,416,426,434,441,448-517,522-584,590-606,612-654,660-725,730-775 
  notification.controller.js |   20.83 |        0 |       0 |   20.83 | 5-24,29-53                                                                                                                                            
  profile.controller.js      |   13.58 |        0 |       0 |   13.75 | 9-21,27-64,70-90,97-160,165-201                                                                                                                       
 src/middleware              |   80.55 |    58.33 |      75 |   80.55 |                                                                                                                                                       
  auth.middleware.js         |   85.18 |       70 |     100 |   85.18 | 13,28-30,39                                                                                                                                           
  upload.middleware.js       |   66.66 |        0 |       0 |   66.66 | 9-12                                                                                                                                                  
 src/models                  |    5.71 |     2.29 |    4.16 |    5.74 |                                                                                                                                                       
  complain.model.js          |    2.14 |        0 |       0 |    2.15 | 20-391                                                                                                                                                
  user.model.js              |      20 |       25 |      10 |      20 | 22-122                                                                                                                                                
 src/routes                  |   49.11 |        0 |    8.33 |   49.33 |                                                                                                                                                       
  admin.routes.js            |     100 |      100 |     100 |     100 |                                                                                                                                                       
  auth.routes.js             |     100 |      100 |     100 |     100 |                                                                                                                                                       
  citizen.routes.js          |     100 |      100 |     100 |     100 |                                                                                                                                                       
  complain.routes.js         |     100 |      100 |     100 |     100 |                                                                                                                                                       
  departments.routes.js      |   29.16 |        0 |   14.28 |   29.16 | 28,34-60,66-97,103-126                                                                                                                                
  logs.routes.js             |   18.42 |        0 |       0 |   18.91 | 10-97                                                                                                                                                 
  my.routes.js               |     100 |      100 |     100 |     100 |                                                                                                                                                       
  notification.routes.js     |     100 |      100 |     100 |     100 |                                                                                                                                                       
  routes.js                  |     100 |      100 |     100 |     100 |                                                                                                                                                       
  users.routes.js            |   13.79 |        0 |       0 |   13.79 | 10-50,56-115                                                                                                                                          
 src/utils                   |    90.9 |        0 |   83.33 |    90.9 |                                                                                                                                                       
  apiError.js                |     100 |      100 |     100 |     100 |                                                                                                                                                       
  jwt.token.js               |   81.81 |        0 |   66.66 |   81.81 | 24-29                                                                                                                                                 
  validator.js               |     100 |      100 |     100 |     100 |                                                                                                                                                       
-----------------------------|---------|----------|---------|---------|-------------------------------------------------------------------------------------------------------------------------------------------------------

=============================== Coverage summary ===============================
Statements   : 31.11% ( 341/1096 )
Branches     : 11.56% ( 68/588 )
Functions    : 19.41% ( 20/103 )
Lines        : 31.98% ( 340/1063 )
================================================================================
