-----------------------------|---------|----------|---------|---------|--------------------------------------------------------------------------------------------------------------------------------------------------------------------------------------------------------------------------------
File                         | % Stmts | % Branch | % Funcs | % Lines | Uncovered Line #s                                                                                                                                                                                                              
-----------------------------|---------|----------|---------|---------|--------------------------------------------------------------------------------------------------------------------------------------------------------------------------------------------------------------------------------
All files                    |      47 |     36.1 |   33.33 |   47.92 |                                                                                                                                                                                                                                
 config                      |     100 |       80 |     100 |     100 |                                                                                                                                                                                                                                
  cloudinary.js              |     100 |       80 |     100 |     100 | 5                                                                                                                                                                                                                              
  db.js                      |     100 |      100 |     100 |     100 |                                                                                                                                                                                                                                
 controllers                 |   55.82 |    42.18 |   42.59 |    57.5 |                                                                                                                                                                                                                                
  admin.controller.js        |   64.58 |    55.55 |      40 |   64.44 | 5-13,44,74,82,89-109                                                                                                                                                                                                           
  auth.controller.js         |   62.74 |       50 |   83.33 |   63.63 | 24-60,70,104-111,132,137-166,185,196,204,209,223                                                                                                                                                                               
  citizen.controller.js      |   93.75 |      100 |     100 |   93.33 | 89                                                                                                                                                                                                                             
  complain.controller.js     |   48.41 |    37.65 |   29.03 |   50.77 | 22-23,32-33,43-44,70-79,94-143,153,162-186,189-212,260,274,285,302,304,319,330,344,353,357,361,367-374,381,387,390,409,415-428,442,452,462,470,477,484-553,602,610,620,626-642,648-690,710,718-721,732-740,761,771,781,804,811 
  notification.controller.js |    87.5 |    83.33 |     100 |    87.5 | 24,33,53                                                                                                                                                                                                                       
  profile.controller.js      |   56.79 |       50 |    37.5 |    57.5 | 12,21,27-64,70-90,109,114,124,143,151,160,169,177,201                                                                                                                                                                          
 middleware                  |   85.18 |       70 |     100 |   85.18 |                                                                                                                                                                                                                                
  auth.middleware.js         |   85.18 |       70 |     100 |   85.18 | 13,28-30,39                                                                                                                                                                                                                    
 models                      |       4 |        0 |       0 |    4.02 |                                                                                                                                                                                                                                
  complain.model.js          |    2.14 |        0 |       0 |    2.15 | 22-402                                                                                                                                                                                                                         
  user.model.js              |   11.42 |        0 |       0 |   11.42 | 7-122                                                                                                                                                                                                                          
 utils                       |   72.72 |        0 |      50 |   72.72 |                                                                                                                                                                                                                                
  apiError.js                |     100 |      100 |     100 |     100 |                                                                                                                                                                                                                                
  jwt.token.js               |   45.45 |        0 |       0 |   45.45 | 4-15,19-20,24-29                                                                                                                                                                                                               
  validator.js               |     100 |      100 |     100 |     100 |                                                                                                                                                                                                                                
-----------------------------|---------|----------|---------|---------|--------------------------------------------------------------------------------------------------------------------------------------------------------------------------------------------------------------------------------

=============================== Coverage summary ===============================
Statements   : 47% ( 400/851 )
Branches     : 36.1% ( 200/554 )
Functions    : 33.33% ( 29/87 )
Lines        : 47.92% ( 392/818 )
================================================================================
